[2026-01-13 23:48:18] [INFO    ] discord.client: logging in using static token
[2026-01-13 23:48:18] [DEBUG   ] discord.http: GET https://discord.com/api/v10/users/@me with None has returned 200
[2026-01-13 23:48:18] [DEBUG   ] discord.http: GET /users/@me has found its initial rate limit bucket hash (78bb8553d9352a5a2f89f9def401287a).
[2026-01-13 23:48:18] [DEBUG   ] discord.http: GET https://discord.com/api/v10/users/@me has received {'id': '1460469000675917916', 'username': "1Time's Valorant Roulette", 'avatar': '5e3f46b77898263c1862beef9d93b751', 'discriminator': '3407', 'public_flags': 0, 'flags': 0, 'bot': True, 'banner': 'd936c3749d4486cb2697a560a50e510c', 'accent_color': None, 'global_name': None, 'avatar_decoration_data': None, 'collectibles': None, 'display_name_styles': None, 'banner_color': None, 'clan': None, 'primary_guild': None, 'mfa_enabled': True, 'locale': 'en-US', 'premium_type': 0, 'email': None, 'verified': True, 'bio': ''}
[2026-01-13 23:48:18] [DEBUG   ] discord.http: GET https://discord.com/api/v10/oauth2/applications/@me with None has returned 200
[2026-01-13 23:48:18] [DEBUG   ] discord.http: GET /oauth2/applications/@me has found its initial rate limit bucket hash (d28a133af187e91d71d96a223467ce49).
[2026-01-13 23:48:18] [DEBUG   ] discord.http: GET https://discord.com/api/v10/oauth2/applications/@me has received {'id': '1460469000675917916', 'name': 'Valorant Roulette', 'icon': '5e3f46b77898263c1862beef9d93b751', 'description': '', 'type': None, 'bot': {'id': '1460469000675917916', 'username': "1Time's Valorant Roulette", 'avatar': '5e3f46b77898263c1862beef9d93b751', 'discriminator': '3407', 'public_flags': 0, 'flags': 0, 'bot': True, 'banner': 'd936c3749d4486cb2697a560a50e510c', 'accent_color': None, 'global_name': None, 'avatar_decoration_data': None, 'collectibles': None, 'display_name_styles': None, 'banner_color': None, 'clan': None, 'primary_guild': None}, 'summary': '', 'is_monetized': False, 'is_verified': False, 'is_discoverable': False, 'bot_public': True, 'bot_require_code_grant': False, 'install_params': {'scopes': ['bot', 'applications.commands'], 'permissions': '414464732224'}, 'integration_types_config': {'0': {'oauth2_install_params': {'scopes': ['bot', 'applications.commands'], 'permissions': '414464732224'}}, '1': {'oauth2_install_params': {'scopes': ['applications.commands'], 'permissions': '0'}}}, 'verify_key': 'b229a9289ed23ef90765c871c16065edd00f51c18c297c4a4f266588f32ddd4e', 'flags': 8945664, 'hook': True, 'storefront_available': False, 'redirect_uris': ['http://localhost'], 'interactions_endpoint_url': None, 'role_connections_verification_url': None, 'owner': {'id': '771054975563464734', 'username': 'kazeyoshiki', 'avatar': 'a_9514f188ea7d8262213380fdb1141944', 'discriminator': '0', 'public_flags': 128, 'flags': 128, 'banner': 'a_e42038f6af46043e0d0153cb8ceec5c4', 'accent_color': 9621230, 'global_name': 'KazeYoshiki', 'avatar_decoration_data': None, 'collectibles': {'nameplate': {'sku_id': '1349849614227865711', 'asset': 'nameplates/nameplates/koi_pond/', 'label': 'COLLECTIBLES_NAMEPLATES_KOI_POND_A11Y', 'palette': 'sky'}}, 'display_name_styles': {'font_id': 10, 'effect_id': 3, 'colors': [2189234]}, 'banner_color': '#92ceee', 'clan': {'identity_guild_id': '1369675686939463872', 'identity_enabled': True, 'tag': 'GAZA', 'badge': 'a37bf4789bbb90ac4d73ff79c3abd32c'}, 'primary_guild': {'identity_guild_id': '1369675686939463872', 'identity_enabled': True, 'tag': 'GAZA', 'badge': 'a37bf4789bbb90ac4d73ff79c3abd32c'}}, 'approximate_guild_count': 1, 'approximate_user_install_count': 0, 'approximate_user_authorization_count': 0, 'interactions_event_types': [], 'interactions_version': 1, 'explicit_content_filter': 0, 'rpc_application_state': 0, 'store_application_state': 1, 'verification_state': 1, 'integration_public': True, 'integration_require_code_grant': False, 'discoverability_state': 1, 'discovery_eligibility_flags': 2528, 'monetization_state': 1, 'verification_eligibility_flags': 123804, 'monetization_eligibility_flags': 247524, 'bot_approximate_guild_count': 1, 'team': None, 'internal_guild_restriction': 2, 'approved_consoles': [], 'pricing_localization_strategy': 'localized_price_sets'}
[2026-01-13 23:48:19] [DEBUG   ] discord.http: PUT https://discord.com/api/v10/applications/1460469000675917916/commands with [{"name":"char_roulette","description":"Zuf\u00e4llige Valorant Agents ausw\u00e4hlen","type":1,"options":[{"type":4,"name":"anzahl","description":"Anzahl der Spieler (1\u20135)","required":true}],"nsfw":false,"dm_permission":true,"default_member_permissions":null,"contexts":null,"integration_types":null},{"name":"weapon_roulette","description":"Zuf\u00e4llige Waffe nach Budget ausw\u00e4hlen","type":1,"options":[{"type":4,"name":"budget","description":"Dein verf\u00fcgbares Geld","required":true}],"nsfw":false,"dm_permission":true,"default_member_permissions":null,"contexts":null,"integration_types":null}] has returned 200
[2026-01-13 23:48:19] [DEBUG   ] discord.http: PUT /applications/{application_id}/commands has found its initial rate limit bucket hash (3e32a240d3716487d7d8f6dae6c54f6b).
[2026-01-13 23:48:19] [DEBUG   ] discord.http: PUT https://discord.com/api/v10/applications/1460469000675917916/commands has received [{'id': '1460517709425938544', 'application_id': '1460469000675917916', 'version': '1460525715584712921', 'default_member_permissions': None, 'type': 1, 'name': 'char_roulette', 'name_localizations': None, 'description': 'Zufällige Valorant Agents auswählen', 'description_localizations': None, 'dm_permission': True, 'contexts': None, 'integration_types': [0, 1], 'options': [{'type': 4, 'name': 'anzahl', 'name_localizations': None, 'description': 'Anzahl der Spieler (1–5)', 'description_localizations': None, 'required': True}], 'nsfw': False}, {'id': '1460517709425938545', 'application_id': '1460469000675917916', 'version': '1460525715584712922', 'default_member_permissions': None, 'type': 1, 'name': 'weapon_roulette', 'name_localizations': None, 'description': 'Zufällige Waffe nach Budget auswählen', 'description_localizations': None, 'dm_permission': True, 'contexts': None, 'integration_types': [0, 1], 'options': [{'type': 4, 'name': 'budget', 'name_localizations': None, 'description': 'Dein verfügbares Geld', 'description_localizations': None, 'required': True}], 'nsfw': False}]
[2026-01-13 23:48:19] [DEBUG   ] discord.gateway: Created websocket connected to wss://gateway.discord.gg/
[2026-01-13 23:48:19] [DEBUG   ] discord.gateway: For Shard ID None: WebSocket Event: {'t': None, 's': None, 'op': 10, 'd': {'heartbeat_interval': 41250, '_trace': ['["gateway-prd-arm-us-east1-c-c3sc",{"micros":0.0}]']}}
[2026-01-13 23:48:19] [DEBUG   ] discord.gateway: Shard ID None has sent the IDENTIFY payload.
[2026-01-13 23:48:19] [DEBUG   ] discord.gateway: For Shard ID None: WebSocket Event: {'t': None, 's': None, 'op': 11, 'd': None}
[2026-01-13 23:48:19] [DEBUG   ] discord.gateway: For Shard ID None: WebSocket Event: {'t': 'READY', 's': 1, 'op': 0, 'd': {'v': 10, 'user_settings': {}, 'user': {'verified': True, 'username': "1Time's Valorant Roulette", 'primary_guild': None, 'mfa_enabled': True, 'id': '1460469000675917916', 'global_name': None, 'flags': 0, 'email': None, 'discriminator': '3407', 'clan': None, 'bot': True, 'avatar': '5e3f46b77898263c1862beef9d93b751'}, 'session_type': 'normal', 'session_id': '57b15f194af66d3e716a7d059443a0ef', 'resume_gateway_url': 'wss://gateway-us-east1-c.discord.gg', 'relationships': [], 'private_channels': [], 'presences': [], 'guilds': [{'unavailable': True, 'id': '1208839737272705094'}], 'guild_join_requests': [], 'geo_ordered_rtc_regions': ['rotterdam', 'frankfurt', 'paris', 'london', 'milan'], 'game_relationships': [], 'auth': {}, 'application': {'id': '1460469000675917916', 'flags': 8945664}, '_trace': ['["gateway-prd-arm-us-east1-c-c3sc",{"micros":165146,"calls":["id_created",{"micros":577,"calls":[]},"session_lookup_time",{"micros":485,"calls":[]},"session_lookup_finished",{"micros":9,"calls":[]},"discord-sessions-prd-2-59",{"micros":163619,"calls":["start_session",{"micros":137190,"calls":["discord-api-rpc-5d6cf9894f-lnxpj",{"micros":56683,"calls":["get_user",{"micros":6990},"get_guilds",{"micros":5478},"send_scheduled_deletion_message",{"micros":24},"guild_join_requests",{"micros":5},"authorized_ip_coro",{"micros":16},"pending_payments",{"micros":2240},"apex_experiments",{"micros":71495},"user_activities",{"micros":5},"played_application_ids",{"micros":3},"linked_users",{"micros":3},"ad_personalization_toggles_disabled",{"micros":3}]}]},"starting_guild_connect",{"micros":42,"calls":[]},"presence_started",{"micros":9129,"calls":[]},"guilds_started",{"micros":75,"calls":[]},"lobbies_started",{"micros":1,"calls":[]},"guilds_connect",{"micros":1,"calls":[]},"presence_connect",{"micros":17081,"calls":[]},"connect_finished",{"micros":17095,"calls":[]},"build_ready",{"micros":77,"calls":[]},"clean_ready",{"micros":1,"calls":[]},"optimize_ready",{"micros":0,"calls":[]},"split_ready",{"micros":1,"calls":[]}]}]}]']}}
[2026-01-13 23:48:19] [DEBUG   ] discord.client: Dispatching event socket_event_type
[2026-01-13 23:48:19] [INFO    ] discord.gateway: Shard ID None has connected to Gateway (Session ID: 57b15f194af66d3e716a7d059443a0ef).
[2026-01-13 23:48:19] [DEBUG   ] discord.client: Dispatching event connect
[2026-01-13 23:48:19] [DEBUG   ] discord.gateway: For Shard ID None: WebSocket Event: {'t': 'GUILD_CREATE', 's': 2, 'op': 0, 'd': {'max_video_channel_users': 25, 'vanity_url_code': None, 'banner': None, 'default_message_notifications': 0, 'stickers': [], 'discovery_splash': None, 'hub_type': None, 'features': ['SOUNDBOARD'], 'profile': None, 'presences': [], 'large': False, 'channels': [{'version': 1744558548676, 'type': 4, 'position': 0, 'permission_overwrites': [], 'name': 'test', 'id': '1361001939906592879', 'flags': 0}, {'version': 1744558555606, 'user_limit': 0, 'type': 2, 'status': None, 'rtc_region': None, 'rate_limit_per_user': 0, 'position': 0, 'permission_overwrites': [], 'parent_id': '1361001939906592879', 'name': 'test', 'last_message_id': None, 'id': '1361001968981643456', 'flags': 0, 'bitrate': 64000}, {'version': 1744624257777, 'type': 4, 'position': 1, 'permission_overwrites': [], 'name': 'Nsfw', 'id': '1361277543881375804', 'flags': 0}, {'version': 1752133256568, 'type': 0, 'topic': None, 'rate_limit_per_user': 0, 'position': 9, 'permission_overwrites': [], 'parent_id': '1361277543881375804', 'nsfw': True, 'name': 'porn', 'last_message_id': '1381922306515009579', 'id': '1361277605579325440', 'flags': 0}, {'version': 1752133256548, 'type': 0, 'topic': None, 'rate_limit_per_user': 0, 'position': 7, 'permission_overwrites': [], 'parent_id': '1361277543881375804', 'nsfw': True, 'name': 'cgi', 'last_message_id': None, 'id': '1361277644456464455', 'flags': 0}, {'version': 1752133256557, 'type': 0, 'topic': None, 'rate_limit_per_user': 0, 'position': 8, 'permission_overwrites': [], 'parent_id': '1361277543881375804', 'nsfw': True, 'name': 'hentai', 'last_message_id': '1378469683153342556', 'id': '1361277677192876132', 'flags': 0}, {'version': 1752133256594, 'type': 0, 'topic': None, 'rate_limit_per_user': 0, 'position': 12, 'permission_overwrites': [], 'parent_id': '1361277543881375804', 'name': 'notizen', 'last_message_id': '1361297709818056774', 'id': '1361297606738841792', 'flags': 0}, {'version': 1752133256470, 'type': 0, 'topic': None, 'rate_limit_per_user': 0, 'position': 2, 'permission_overwrites': [], 'parent_id': '1361001939906592879', 'name': 'notizen', 'last_message_id': '1364527605021282408', 'id': '1362000073155809310', 'flags': 0}, {'version': 1752133256586, 'type': 0, 'topic': None, 'rate_limit_per_user': 0, 'position': 11, 'permission_overwrites': [], 'parent_id': '1361277543881375804', 'nsfw': True, 'name': 'bot', 'last_message_id': '1378878620982050857', 'id': '1362542357979074741', 'flags': 0}, {'version': 1752133256577, 'type': 0, 'topic': None, 'rate_limit_per_user': 0, 'position': 10, 'permission_overwrites': [], 'parent_id': '1361277543881375804', 'nsfw': True, 'name': 'hinata', 'last_message_id': '1367407679219175446', 'id': '1363129066177429524', 'flags': 0}, {'version': 1752133256457, 'type': 0, 'topic': None, 'rate_limit_per_user': 0, 'position': 1, 'permission_overwrites': [], 'parent_id': '1361001939906592879', 'name': 'zedr', 'last_message_id': '1377447522531934379', 'id': '1363331538628120717', 'flags': 0}, {'version': 1752133256487, 'type': 0, 'topic': None, 'rate_limit_per_user': 0, 'position': 3, 'permission_overwrites': [{'type': 0, 'id': '1208839737272705094', 'deny': '1024', 'allow': '0'}], 'parent_id': '1361001939906592879', 'name': 'sorgen', 'last_message_id': '1376277474194751560', 'id': '1367633970488934420', 'flags': 0}, {'version': 1752133256504, 'type': 0, 'topic': None, 'rate_limit_per_user': 0, 'position': 4, 'permission_overwrites': [], 'parent_id': '1361001939906592879', 'name': 'katzen', 'last_message_id': '1376301776390717591', 'id': '1376301517988171917', 'flags': 0}, {'version': 1752133256522, 'type': 0, 'topic': None, 'rate_limit_per_user': 0, 'position': 5, 'permission_overwrites': [{'type': 0, 'id': '1208839737272705094', 'deny': '0', 'allow': '0'}], 'parent_id': '1361001939906592879', 'name': 'tagebuch', 'last_message_id': '1378311796770996255', 'id': '1376337429304446996', 'flags': 0}, {'version': 1752133256538, 'type': 0, 'topic': None, 'rate_limit_per_user': 0, 'position': 6, 'permission_overwrites': [], 'parent_id': '1361277543881375804', 'nsfw': True, 'name': 'perv', 'last_message_id': '1409346729136099358', 'id': '1377928671729418240', 'flags': 0}, {'version': 1752133256435, 'type': 0, 'topic': None, 'rate_limit_per_user': 0, 'position': 0, 'permission_overwrites': [], 'parent_id': '1361001939906592879', 'name': 'test', 'last_message_id': '1460517874883100861', 'id': '1392772543991123989', 'flags': 0}, {'version': 1756084033227, 'type': 0, 'topic': None, 'rate_limit_per_user': 0, 'position': 13, 'permission_overwrites': [], 'parent_id': '1361001939906592879', 'name': 'bilder', 'last_message_id': '1409344222699589697', 'id': '1409343325894479922', 'flags': 0}], 'member_count': 6, 'owner_configured_content_level': 0, 'id': '1208839737272705094', 'name': 'Server', 'application_command_counts': {}, 'soundboard_sounds': [], 'owner_id': '771054975563464734', 'emojis': [{'version': 1708987425302, 'roles': [], 'require_colons': True, 'name': 'hand_cuffed', 'managed': False, 'id': '1211805834246623325', 'available': True, 'animated': False}, {'version': 1708987473935, 'roles': [], 'require_colons': True, 'name': 'Heart_good_girl', 'managed': False, 'id': '1211806038680928376', 'available': True, 'animated': False}, {'version': 1708987578500, 'roles': [], 'require_colons': True, 'name': 'Aight_imma_cum', 'managed': False, 'id': '1211806476818063471', 'available': True, 'animated': False}, {'version': 1708987792830, 'roles': [], 'require_colons': True, 'name': 'toga_lewd_face', 'managed': False, 'id': '1211807376232026132', 'available': True, 'animated': False}, {'version': 1708987870833, 'roles': [], 'require_colons': True, 'name': 'cumslut', 'managed': False, 'id': '1211807703400325200', 'available': True, 'animated': False}, {'version': 1708987984086, 'roles': [], 'require_colons': True, 'name': 'SadCat', 'managed': False, 'id': '1211808178367631462', 'available': True, 'animated': False}, {'version': 1708988090958, 'roles': [], 'require_colons': True, 'name': 'angwy', 'managed': False, 'id': '1211808626675814420', 'available': True, 'animated': False}, {'version': 1708988196244, 'roles': [], 'require_colons': True, 'name': 'Myaowlcat_Nod', 'managed': False, 'id': '1211809067765465099', 'available': True, 'animated': True}, {'version': 1708988213065, 'roles': [], 'require_colons': True, 'name': 'Myaowlcat_panic', 'managed': False, 'id': '1211809138846212097', 'available': True, 'animated': True}, {'version': 1708988266281, 'roles': [], 'require_colons': True, 'name': 'Myaowlcat_Huh', 'managed': False, 'id': '1211809362008477747', 'available': True, 'animated': True}, {'version': 1708988310637, 'roles': [], 'require_colons': True, 'name': 'myaowlcat_chips', 'managed': False, 'id': '1211809547795038259', 'available': True, 'animated': True}, {'version': 1743857490923, 'roles': [], 'require_colons': True, 'name': 'cat_stare', 'managed': False, 'id': '1358061462802661478', 'available': True, 'animated': False}], 'explicit_content_filter': 0, 'premium_subscription_count': 0, 'threads': [], 'activity_instances': [], 'system_channel_flags': 0, 'incidents_data': None, 'unavailable': False, 'application_id': None, 'description': None, 'moderator_reporting': None, 'embedded_activities': [], 'roles': [{'version': 1708280252700, 'unicode_emoji': None, 'tags': {}, 'position': 0, 'permissions': '2248473465835073', 'name': '@everyone', 'mentionable': False, 'managed': False, 'id': '1208839737272705094', 'icon': None, 'hoist': False, 'flags': 0, 'colors': {'tertiary_color': None, 'secondary_color': None, 'primary_color': 0}, 'color': 0}, {'version': 1768283269766, 'unicode_emoji': None, 'tags': {'bot_id': '500658624109084682'}, 'position': 7, 'permissions': '8934605981696', 'name': 'Emoji.gg Bot', 'mentionable': False, 'managed': True, 'id': '1211805725861486684', 'icon': None, 'hoist': False, 'flags': 0, 'colors': {'tertiary_color': None, 'secondary_color': None, 'primary_color': 0}, 'color': 0}, {'version': 1768283269763, 'unicode_emoji': None, 'tags': {}, 'position': 6, 'permissions': '1721826618638327', 'name': 'Hexe', 'mentionable': False, 'managed': False, 'id': '1359642710050471936', 'icon': None, 'hoist': False, 'flags': 0, 'colors': {'tertiary_color': None, 'secondary_color': None, 'primary_color': 10181046}, 'color': 10181046}, {'version': 1768283269761, 'unicode_emoji': None, 'tags': {}, 'position': 5, 'permissions': '0', 'name': 'Spacken', 'mentionable': False, 'managed': False, 'id': '1360545277517238333', 'icon': None, 'hoist': False, 'flags': 0, 'colors': {'tertiary_color': None, 'secondary_color': None, 'primary_color': 3447003}, 'color': 3447003}, {'version': 1768283269758, 'unicode_emoji': None, 'tags': {'bot_id': '368521195940741122'}, 'position': 4, 'permissions': '1375279115350', 'name': 'Lawliet', 'mentionable': False, 'managed': True, 'id': '1362542492104265881', 'icon': None, 'hoist': False, 'flags': 0, 'colors': {'tertiary_color': None, 'secondary_color': None, 'primary_color': 0}, 'color': 0}, {'version': 1768283269756, 'unicode_emoji': None, 'tags': {'bot_id': '429457053791158281'}, 'position': 3, 'permissions': '399431429375', 'name': 'Nekotina', 'mentionable': False, 'managed': True, 'id': '1376274433895043117', 'icon': None, 'hoist': False, 'flags': 0, 'colors': {'tertiary_color': None, 'secondary_color': None, 'primary_color': 0}, 'color': 0}, {'version': 1768283269753, 'unicode_emoji': None, 'tags': {'bot_id': '725721249652670555'}, 'position': 2, 'permissions': '268561655', 'name': 'Custom Command', 'mentionable': False, 'managed': True, 'id': '1392773870154416232', 'icon': None, 'hoist': False, 'flags': 0, 'colors': {'tertiary_color': None, 'secondary_color': None, 'primary_color': 0}, 'color': 0}, {'version': 1768285155083, 'unicode_emoji': None, 'tags': {'bot_id': '1460469000675917916'}, 'position': 1, 'permissions': '414464732224', 'name': 'Valorant Roulette', 'mentionable': False, 'managed': True, 'id': '1460518539726426155', 'icon': None, 'hoist': False, 'flags': 0, 'colors': {'tertiary_color': None, 'secondary_color': None, 'primary_color': 0}, 'color': 0}], 'splash': None, 'safety_alerts_channel_id': None, 'premium_progress_bar_enabled': False, 'icon': '3f34b347c7eabc1003e8d4d8c6f2971b', 'home_header': None, 'verification_level': 0, 'max_members': 25000000, 'nsfw': False, 'max_stage_video_channel_users': 50, 'stage_instances': [], 'voice_states': [], 'premium_tier': 0, 'inventory_settings': None, 'preferred_locale': 'en-US', 'mfa_level': 0, 'rules_channel_id': None, 'system_channel_id': None, 'members': [{'user': {'username': "1Time's Valorant Roulette", 'public_flags': 0, 'primary_guild': None, 'id': '1460469000675917916', 'global_name': None, 'display_name_styles': None, 'display_name': None, 'discriminator': '3407', 'collectibles': None, 'bot': True, 'avatar_decoration_data': None, 'avatar': '5e3f46b77898263c1862beef9d93b751'}, 'roles': ['1460518539726426155'], 'premium_since': None, 'pending': False, 'nick': None, 'mute': False, 'joined_at': '2026-01-13T06:19:15.125992+00:00', 'flags': 1, 'deaf': False, 'communication_disabled_until': None, 'banner': None, 'avatar': None}], 'latest_onboarding_question_id': None, 'guild_scheduled_events': [], 'afk_channel_id': None, 'nsfw_level': 0, 'afk_timeout': 300, 'lazy': True, 'version': 1745107028671, 'joined_at': '2026-01-13T06:19:15.125992+00:00', 'premium_features': None, 'public_updates_channel_id': None, 'region': 'deprecated'}}
[2026-01-13 23:48:19] [DEBUG   ] discord.client: Dispatching event socket_event_type
[2026-01-13 23:48:19] [DEBUG   ] discord.client: Dispatching event guild_available
[2026-01-13 23:48:21] [DEBUG   ] discord.client: Dispatching event ready
[2026-01-13 23:48:36] [DEBUG   ] discord.gateway: For Shard ID None: WebSocket Event: {'t': 'INTERACTION_CREATE', 's': 3, 'op': 0, 'd': {'version': 1, 'type': 2, 'token': 'aW50ZXJhY3Rpb246MTQ2MDc2NzUxODc3ODk4MjYwODpFOXVLSlFyOUZiSTVKT0FkdkxNRnYwb0lNbWVEcDV3MGw4d2RBc0N4ajYyY2NWclZHeDdHbnROeXVUZ0tUS0p4RTA1dnBFdnhvVHhQOXZoZzVUcmo1SW5QSW9IOVJvNFNSUnlEaHdZMTdxN3dzbW81eVUwTXhlV2tZME5ybm9YVA', 'member': {'user': {'username': 'kazeyoshiki', 'public_flags': 128, 'primary_guild': {'tag': 'GAZA', 'identity_guild_id': '1369675686939463872', 'identity_enabled': True, 'badge': 'a37bf4789bbb90ac4d73ff79c3abd32c'}, 'id': '771054975563464734', 'global_name': 'KazeYoshiki', 'display_name_styles': {'font_id': 10, 'effect_id': 3, 'colors': [2189234]}, 'discriminator': '0', 'collectibles': {'nameplate': {'sku_id': '1349849614227865711', 'palette': 'sky', 'label': 'COLLECTIBLES_NAMEPLATES_KOI_POND_A11Y', 'expires_at': None, 'asset': 'nameplates/nameplates/koi_pond/'}}, 'clan': {'tag': 'GAZA', 'identity_guild_id': '1369675686939463872', 'identity_enabled': True, 'badge': 'a37bf4789bbb90ac4d73ff79c3abd32c'}, 'avatar_decoration_data': None, 'avatar': 'a_9514f188ea7d8262213380fdb1141944'}, 'unusual_dm_activity_until': None, 'roles': ['1360545277517238333'], 'premium_since': None, 'permissions': '9007199254740991', 'pending': False, 'nick': 'Bekir', 'mute': False, 'joined_at': '2024-02-18T18:17:32.553000+00:00', 'flags': 0, 'display_name_styles': None, 'deaf': False, 'communication_disabled_until': None, 'collectibles': None, 'banner': None, 'avatar': None}, 'locale': 'de', 'id': '1460767518778982608', 'guild_locale': 'en-US', 'guild_id': '1208839737272705094', 'guild': {'locale': 'en-US', 'id': '1208839737272705094', 'features': ['SOUNDBOARD']}, 'entitlements': [], 'entitlement_sku_ids': [], 'data': {'type': 1, 'options': [{'value': 3, 'type': 4, 'name': 'anzahl'}], 'name': 'char_roulette', 'id': '1460517709425938544'}, 'context': 0, 'channel_id': '1392772543991123989', 'channel': {'type': 0, 'topic': None, 'rate_limit_per_user': 0, 'position': 0, 'permissions': '9007199254740991', 'parent_id': '1361001939906592879', 'nsfw': False, 'name': 'test', 'last_message_id': '1460517874883100861', 'id': '1392772543991123989', 'guild_id': '1208839737272705094', 'flags': 0}, 'authorizing_integration_owners': {'0': '1208839737272705094'}, 'attachment_size_limit': 524288000, 'application_id': '1460469000675917916', 'app_permissions': '2248473465843265'}}
[2026-01-13 23:48:36] [DEBUG   ] discord.client: Dispatching event socket_event_type
[2026-01-13 23:48:36] [DEBUG   ] discord.client: Dispatching event interaction
[2026-01-13 23:48:36] [ERROR   ] discord.app_commands.tree: Ignoring exception in command 'char_roulette'
Traceback (most recent call last):
  File "C:\Users\bekir\AppData\Local\Python\pythoncore-3.14-64\Lib\site-packages\discord\app_commands\commands.py", line 859, in _do_call
    return await self._callback(interaction, **params)  # type: ignore
           ^^^^^^^^^^^^^^^^^^^^^^^^^^^^^^^^^^^^^^^^^^^
  File "C:\Users\bekir\OneDrive\Dokumente\Visual Studio 2022\Coding\main.py", line 52, in char_roulette
    agents = json.load(f)
  File "C:\Users\bekir\AppData\Local\Python\pythoncore-3.14-64\Lib\json\__init__.py", line 298, in load
    return loads(fp.read(),
        cls=cls, object_hook=object_hook,
        parse_float=parse_float, parse_int=parse_int,
        parse_constant=parse_constant, object_pairs_hook=object_pairs_hook, **kw)
  File "C:\Users\bekir\AppData\Local\Python\pythoncore-3.14-64\Lib\json\__init__.py", line 341, in loads
    raise JSONDecodeError("Unexpected UTF-8 BOM (decode using utf-8-sig)",
                          s, 0)
json.decoder.JSONDecodeError: Unexpected UTF-8 BOM (decode using utf-8-sig): line 1 column 1 (char 0)

The above exception was the direct cause of the following exception:

Traceback (most recent call last):
  File "C:\Users\bekir\AppData\Local\Python\pythoncore-3.14-64\Lib\site-packages\discord\app_commands\tree.py", line 1297, in _call
    await command._invoke_with_namespace(interaction, namespace)
  File "C:\Users\bekir\AppData\Local\Python\pythoncore-3.14-64\Lib\site-packages\discord\app_commands\commands.py", line 884, in _invoke_with_namespace
    return await self._do_call(interaction, transformed_values)
           ^^^^^^^^^^^^^^^^^^^^^^^^^^^^^^^^^^^^^^^^^^^^^^^^^^^^
  File "C:\Users\bekir\AppData\Local\Python\pythoncore-3.14-64\Lib\site-packages\discord\app_commands\commands.py", line 877, in _do_call
    raise CommandInvokeError(self, e) from e
discord.app_commands.errors.CommandInvokeError: Command 'char_roulette' raised an exception: JSONDecodeError: Unexpected UTF-8 BOM (decode using utf-8-sig): line 1 column 1 (char 0)
[2026-01-13 23:49:00] [DEBUG   ] discord.gateway: Keeping shard ID None websocket alive with sequence 3.
[2026-01-13 23:49:00] [DEBUG   ] discord.gateway: For Shard ID None: WebSocket Event: {'t': None, 's': None, 'op': 11, 'd': None}
[2026-01-13 23:49:41] [DEBUG   ] discord.gateway: Keeping shard ID None websocket alive with sequence 3.
[2026-01-13 23:49:41] [DEBUG   ] discord.gateway: For Shard ID None: WebSocket Event: {'t': None, 's': None, 'op': 11, 'd': None}
[2026-01-13 23:50:23] [DEBUG   ] discord.gateway: Keeping shard ID None websocket alive with sequence 3.
[2026-01-13 23:50:23] [DEBUG   ] discord.gateway: For Shard ID None: WebSocket Event: {'t': None, 's': None, 'op': 11, 'd': None}
[2026-01-13 23:51:04] [DEBUG   ] discord.gateway: Keeping shard ID None websocket alive with sequence 3.
[2026-01-13 23:51:04] [DEBUG   ] discord.gateway: For Shard ID None: WebSocket Event: {'t': None, 's': None, 'op': 11, 'd': None}
[2026-01-13 23:51:45] [DEBUG   ] discord.gateway: Keeping shard ID None websocket alive with sequence 3.
[2026-01-13 23:51:45] [DEBUG   ] discord.gateway: For Shard ID None: WebSocket Event: {'t': None, 's': None, 'op': 11, 'd': None}
[2026-01-13 23:52:26] [DEBUG   ] discord.gateway: Keeping shard ID None websocket alive with sequence 3.
[2026-01-13 23:52:26] [DEBUG   ] discord.gateway: For Shard ID None: WebSocket Event: {'t': None, 's': None, 'op': 11, 'd': None}
[2026-01-13 23:53:08] [DEBUG   ] discord.gateway: Keeping shard ID None websocket alive with sequence 3.
[2026-01-13 23:53:08] [DEBUG   ] discord.gateway: For Shard ID None: WebSocket Event: {'t': None, 's': None, 'op': 11, 'd': None}
[2026-01-13 23:53:49] [DEBUG   ] discord.gateway: Keeping shard ID None websocket alive with sequence 3.
[2026-01-13 23:53:49] [DEBUG   ] discord.gateway: For Shard ID None: WebSocket Event: {'t': None, 's': None, 'op': 11, 'd': None}
[2026-01-13 23:54:30] [DEBUG   ] discord.gateway: Keeping shard ID None websocket alive with sequence 3.
[2026-01-13 23:54:30] [DEBUG   ] discord.gateway: For Shard ID None: WebSocket Event: {'t': None, 's': None, 'op': 11, 'd': None}
[2026-01-13 23:55:11] [DEBUG   ] discord.gateway: Keeping shard ID None websocket alive with sequence 3.
[2026-01-13 23:55:11] [DEBUG   ] discord.gateway: For Shard ID None: WebSocket Event: {'t': None, 's': None, 'op': 11, 'd': None}
[2026-01-13 23:55:53] [DEBUG   ] discord.gateway: Keeping shard ID None websocket alive with sequence 3.
[2026-01-13 23:55:53] [DEBUG   ] discord.gateway: For Shard ID None: WebSocket Event: {'t': None, 's': None, 'op': 11, 'd': None}
[2026-01-13 23:56:34] [DEBUG   ] discord.gateway: Keeping shard ID None websocket alive with sequence 3.
[2026-01-13 23:56:34] [DEBUG   ] discord.gateway: For Shard ID None: WebSocket Event: {'t': None, 's': None, 'op': 11, 'd': None}
[2026-01-13 23:57:15] [DEBUG   ] discord.gateway: Keeping shard ID None websocket alive with sequence 3.
[2026-01-13 23:57:15] [DEBUG   ] discord.gateway: For Shard ID None: WebSocket Event: {'t': None, 's': None, 'op': 11, 'd': None}
[2026-01-13 23:57:56] [DEBUG   ] discord.gateway: Keeping shard ID None websocket alive with sequence 3.
[2026-01-13 23:57:57] [DEBUG   ] discord.gateway: For Shard ID None: WebSocket Event: {'t': None, 's': None, 'op': 11, 'd': None}
[2026-01-13 23:58:38] [DEBUG   ] discord.gateway: Keeping shard ID None websocket alive with sequence 3.
[2026-01-13 23:58:38] [DEBUG   ] discord.gateway: For Shard ID None: WebSocket Event: {'t': None, 's': None, 'op': 11, 'd': None}
[2026-01-13 23:59:19] [DEBUG   ] discord.gateway: Keeping shard ID None websocket alive with sequence 3.
[2026-01-13 23:59:19] [DEBUG   ] discord.gateway: For Shard ID None: WebSocket Event: {'t': None, 's': None, 'op': 11, 'd': None}
